[     159ms] [ERROR] Failed to load resource: the server responded with a status of 404 (File not found) @ http://127.0.0.1:8022/favicon.ico:0
[ 7983098ms] [ERROR] Failed to load resource: the server responded with a status of 404 (File not found) @ http://localhost:8000/favicon.ico:0
[13062520ms] [ERROR] Failed to load resource: the server responded with a status of 404 () @ https://aboutfeeds.com/favicon.ico:0
[16542131ms] [LOG] ✨ @ https://laminae.org/:1879
[16590550ms] [INFO] Launched external handler for 'mailto:jacobleonleech@gmail.com'. @ https://jacobleech.com/:0
[23496826ms] [ERROR] Failed to load resource: the server responded with a status of 400 () @ https://api.x.com/1.1/onboarding/referrer.json:0
[23500452ms] [ERROR] Not signed in with the identity provider. @ https://x.com/mijustin:0
[23500453ms] [ERROR] [GSI_LOGGER]: FedCM get() rejects with AbortError: signal is aborted without reason @ https://accounts.google.com/gsi/client:85
[23500453ms] [ERROR] Not signed in with the identity provider. @ https://x.com/mijustin:0
[23564914ms] [ERROR] Failed to load resource: the server responded with a status of 400 () @ https://api.x.com/1.1/onboarding/referrer.json:0
[23565437ms] [ERROR] Not signed in with the identity provider. @ https://x.com/bciechanowski:0
[23646272ms] [ERROR] Failed to load resource: the server responded with a status of 404 () @ https://subpixel.space/favicon.ico:0
[23652363ms] [ERROR] Failed to load resource: the server responded with a status of 404 () @ https://tobyshorin.com/favicon.ico:0
[23655543ms] [ERROR] Required DOM elements are missing @ https://tobyshorin.com/js/main.js:63
[23655574ms] TypeError: Cannot read properties of null (reading 'appendChild')
    at https://tobyshorin.com/js/main.js:46:24
    at Array.forEach (<anonymous>)
    at Object.success (https://tobyshorin.com/js/main.js:32:9)
    at i (https://ajax.googleapis.com/ajax/libs/jquery/3.2.1/jquery.min.js:2:28017)
    at Object.fireWith [as resolveWith] (https://ajax.googleapis.com/ajax/libs/jquery/3.2.1/jquery.min.js:2:28783)
    at A (https://ajax.googleapis.com/ajax/libs/jquery/3.2.1/jquery.min.js:4:14035)
    at XMLHttpRequest.<anonymous> (https://ajax.googleapis.com/ajax/libs/jquery/3.2.1/jquery.min.js:4:16323)
[23656369ms] [LOG] Total pages: 3 @ https://tobyshorin.com/js/library.js:40
[23656370ms] [LOG] Fetching all pages in parallel... @ https://tobyshorin.com/js/library.js:43
[23658142ms] [LOG] First batch (20 items) added to DOM immediately @ https://tobyshorin.com/js/library.js:117
[23658142ms] [LOG] All 203 items will be processed in batches. Images cascade as they load. @ https://tobyshorin.com/js/library.js:131
[23664647ms] TypeError: Cannot read properties of null (reading 'addEventListener')
    at https://otherinter.net/main.js:72:5
[23664858ms] [ERROR] Failed to load resource: the server responded with a status of 404 () @ https://otherinter.net/favicon.ico:0
